[0m15:13:05.510000 [debug] [MainThread]: Sending event: {'category': 'dbt', 'action': 'invocation', 'label': 'start', 'context': [<snowplow_tracker.self_describing_json.SelfDescribingJson object at 0xf58d71f588d0>, <snowplow_tracker.self_describing_json.SelfDescribingJson object at 0xf58d6d5e2610>, <snowplow_tracker.self_describing_json.SelfDescribingJson object at 0xf58d6d5e1150>]}


============================== 15:13:05.514377 | dc556c90-8345-4c92-89c6-b9befbe52722 ==============================
[0m15:13:05.514377 [info ] [MainThread]: Running with dbt=1.11.7
[0m15:13:05.514642 [debug] [MainThread]: running dbt with arguments {'use_experimental_parser': 'False', 'quiet': 'False', 'log_cache_events': 'False', 'cache_selected_only': 'False', 'partial_parse': 'True', 'write_json': 'True', 'version_check': 'True', 'log_format': 'default', 'introspect': 'True', 'debug': 'False', 'target_path': 'None', 'empty': 'None', 'send_anonymous_usage_stats': 'True', 'profiles_dir': '/home/rakhi/.dbt', 'warn_error_options': 'WarnErrorOptionsV2(error=[], warn=[], silence=[])', 'printer_width': '80', 'static_parser': 'True', 'no_print': 'None', 'indirect_selection': 'eager', 'invocation_command': 'dbt init oil_pipeline_dbt', 'warn_error': 'None', 'use_colors': 'True', 'fail_fast': 'False', 'log_path': 'logs'}
[0m15:13:05.535254 [info ] [MainThread]: Creating dbt configuration folder at /home/rakhi/.dbt
[0m15:13:05.543450 [debug] [MainThread]: Starter project path: /home/rakhi/miniconda3/envs/meltano-env/lib/python3.11/site-packages/dbt/include/starter_project
[0m15:13:05.563454 [info ] [MainThread]: 
Your new dbt project "oil_pipeline_dbt" was created!

For more information on how to configure the profiles.yml file,
please consult the dbt documentation here:

  https://docs.getdbt.com/docs/configure-your-profile

One more thing:

Need help? Don't hesitate to reach out to us via GitHub issues or on Slack:

  https://community.getdbt.com/

Happy modeling!

[0m15:13:05.563826 [info ] [MainThread]: Setting up your profile.
[0m15:15:46.511088 [info ] [MainThread]: Profile oil_pipeline_dbt written to /home/rakhi/.dbt/profiles.yml using target's profile_template.yml and your supplied values. Run 'dbt debug' to validate the connection.
[0m15:15:46.512622 [debug] [MainThread]: Resource report: {"command_name": "init", "command_success": true, "command_wall_clock_time": 149.75528, "process_in_blocks": "316224", "process_kernel_time": 0.924469, "process_mem_max_rss": "215584", "process_out_blocks": "80", "process_user_time": 4.076908}
[0m15:15:46.513548 [debug] [MainThread]: Command `dbt init` succeeded at 15:15:46.513435 after 149.76 seconds
[0m15:15:46.513986 [debug] [MainThread]: Sending event: {'category': 'dbt', 'action': 'invocation', 'label': 'end', 'context': [<snowplow_tracker.self_describing_json.SelfDescribingJson object at 0xf58d6d779810>, <snowplow_tracker.self_describing_json.SelfDescribingJson object at 0xf58d6d5e2b10>, <snowplow_tracker.self_describing_json.SelfDescribingJson object at 0xf58d72495550>]}
[0m15:15:46.514434 [debug] [MainThread]: Flushing usage events
[0m15:15:47.652612 [debug] [MainThread]: An error was encountered while trying to flush usage events
